<?xml version="1.0" encoding="UTF-8"?>
<!-- Generated by org.testng.reporters.JUnitReportReporter -->
<testsuite skipped="0" hostname="DESKTOP-9UOKAHP" name="Novae.testcases.Appium_TestCase" tests="1" failures="0" timestamp="2021-07-06T15:14:52 COT" time="0.011" errors="0">
  <testcase name="shouldAnswerWithTrue" time="0.011" classname="Novae.testcases.Appium_TestCase"/>
  <system-out/>
</testsuite> <!-- Novae.testcases.Appium_TestCase -->
